<?xml version="1.0" encoding="UTF-8"?>
<!-- Generated by org.testng.reporters.JUnitReportReporter -->
<testsuite hostname="LNAR-PC0AET4B" name="com.pc.driver.Driver1" tests="1" failures="0" timestamp="16 Feb 2017 02:21:06 GMT" time="95.715" errors="0">
  <testcase name="Main1" time="95.715" classname="com.pc.driver.Driver1"/>
</testsuite> <!-- com.pc.driver.Driver1 -->
